<?xml version="1.0" encoding="UTF-8"?>
<testng-results ignored="0" total="1" passed="1" failed="0" skipped="0">
  <reporter-output>
  </reporter-output>
  <suite started-at="2023-09-12T07:29:26 IST" name="Default suite" finished-at="2023-09-12T07:29:26 IST" duration-ms="75">
    <groups>
    </groups>
    <test started-at="2023-09-12T07:29:26 IST" name="Default test" finished-at="2023-09-12T07:29:26 IST" duration-ms="75">
      <class name="PackageTestNG.TestNGSimpleTest">
        <test-method is-config="true" signature="beforeMethod()[pri:0, instance:PackageTestNG.TestNGSimpleTest@78e4deb0]" started-at="2023-09-12T07:29:26 IST" name="beforeMethod" finished-at="2023-09-12T07:29:26 IST" duration-ms="6" status="PASS">
          <reporter-output>
          </reporter-output>
        </test-method> <!-- beforeMethod -->
        <test-method signature="gmailLogin()[pri:0, instance:PackageTestNG.TestNGSimpleTest@78e4deb0]" started-at="2023-09-12T07:29:26 IST" name="gmailLogin" finished-at="2023-09-12T07:29:26 IST" duration-ms="6" status="PASS">
          <reporter-output>
          </reporter-output>
        </test-method> <!-- gmailLogin -->
        <test-method is-config="true" signature="afterMethod()[pri:0, instance:PackageTestNG.TestNGSimpleTest@78e4deb0]" started-at="2023-09-12T07:29:26 IST" name="afterMethod" finished-at="2023-09-12T07:29:26 IST" duration-ms="0" status="PASS">
          <reporter-output>
          </reporter-output>
        </test-method> <!-- afterMethod -->
      </class> <!-- PackageTestNG.TestNGSimpleTest -->
    </test> <!-- Default test -->
  </suite> <!-- Default suite -->
</testng-results>
